[2018-02-02 18:30:16,687] INFO starting (kafka.server.KafkaServer)
[2018-02-02 18:30:16,706] INFO Connecting to zookeeper on localhost:2181 (kafka.server.KafkaServer)
[2018-02-02 18:30:16,733] INFO Starting ZkClient event thread. (org.I0Itec.zkclient.ZkEventThread)
[2018-02-02 18:30:16,779] INFO Waiting for keeper state SyncConnected (org.I0Itec.zkclient.ZkClient)
[2018-02-02 18:30:16,891] INFO zookeeper state changed (SyncConnected) (org.I0Itec.zkclient.ZkClient)
[2018-02-02 18:30:17,246] INFO Log directory '/tmp/kafka_data' not found, creating it. (kafka.log.LogManager)
[2018-02-02 18:30:17,267] INFO Loading logs. (kafka.log.LogManager)
[2018-02-02 18:30:17,276] INFO Logs loading complete. (kafka.log.LogManager)
[2018-02-02 18:30:17,373] INFO Starting log cleanup with a period of 300000 ms. (kafka.log.LogManager)
[2018-02-02 18:30:17,390] INFO Starting log flusher with a default period of 9223372036854775807 ms. (kafka.log.LogManager)
[2018-02-02 18:30:17,411] WARN No meta.properties file under dir /tmp/kafka_data/meta.properties (kafka.server.BrokerMetadataCheckpoint)
[2018-02-02 18:30:17,513] INFO Awaiting socket connections on 0.0.0.0:9092. (kafka.network.Acceptor)
[2018-02-02 18:30:17,520] INFO [Socket Server on Broker 0], Started 1 acceptor threads (kafka.network.SocketServer)
[2018-02-02 18:30:17,566] INFO [ExpirationReaper-0], Starting  (kafka.server.DelayedOperationPurgatory$ExpiredOperationReaper)
[2018-02-02 18:30:17,572] INFO [ExpirationReaper-0], Starting  (kafka.server.DelayedOperationPurgatory$ExpiredOperationReaper)
[2018-02-02 18:30:17,845] INFO Creating /controller (is it secure? false) (kafka.utils.ZKCheckedEphemeral)
[2018-02-02 18:30:17,872] INFO Result of znode creation is: OK (kafka.utils.ZKCheckedEphemeral)
[2018-02-02 18:30:17,872] INFO 0 successfully elected as leader (kafka.server.ZookeeperLeaderElector)
[2018-02-02 18:30:18,135] INFO [ExpirationReaper-0], Starting  (kafka.server.DelayedOperationPurgatory$ExpiredOperationReaper)
[2018-02-02 18:30:18,135] INFO [ExpirationReaper-0], Starting  (kafka.server.DelayedOperationPurgatory$ExpiredOperationReaper)
[2018-02-02 18:30:18,224] INFO [GroupCoordinator 0]: Starting up. (kafka.coordinator.GroupCoordinator)
[2018-02-02 18:30:18,224] INFO [GroupCoordinator 0]: Startup complete. (kafka.coordinator.GroupCoordinator)
[2018-02-02 18:30:18,258] INFO [Group Metadata Manager on Broker 0]: Removed 0 expired offsets in 27 milliseconds. (kafka.coordinator.GroupMetadataManager)
[2018-02-02 18:30:18,292] INFO [ThrottledRequestReaper-Produce], Starting  (kafka.server.ClientQuotaManager$ThrottledRequestReaper)
[2018-02-02 18:30:18,373] INFO New leader is 0 (kafka.server.ZookeeperLeaderElector$LeaderChangeListener)
[2018-02-02 18:30:18,376] INFO Will not load MX4J, mx4j-tools.jar is not in the classpath (kafka.utils.Mx4jLoader$)
[2018-02-02 18:30:18,383] INFO [ThrottledRequestReaper-Fetch], Starting  (kafka.server.ClientQuotaManager$ThrottledRequestReaper)
[2018-02-02 18:30:18,412] INFO Creating /brokers/ids/0 (is it secure? false) (kafka.utils.ZKCheckedEphemeral)
[2018-02-02 18:30:18,446] INFO Result of znode creation is: OK (kafka.utils.ZKCheckedEphemeral)
[2018-02-02 18:30:18,447] INFO Registered broker 0 at path /brokers/ids/0 with addresses: PLAINTEXT -> EndPoint(yash,9092,PLAINTEXT) (kafka.utils.ZkUtils)
[2018-02-02 18:30:18,448] WARN No meta.properties file under dir /tmp/kafka_data/meta.properties (kafka.server.BrokerMetadataCheckpoint)
[2018-02-02 18:30:18,568] INFO [Kafka Server 0], started (kafka.server.KafkaServer)
[2018-02-02 18:32:22,424] INFO [Kafka Server 0], shutting down (kafka.server.KafkaServer)
[2018-02-02 18:32:22,432] INFO [Kafka Server 0], Starting controlled shutdown (kafka.server.KafkaServer)
[2018-02-02 18:32:22,538] INFO [Kafka Server 0], Controlled shutdown succeeded (kafka.server.KafkaServer)
[2018-02-02 18:32:22,546] INFO [Socket Server on Broker 0], Shutting down (kafka.network.SocketServer)
[2018-02-02 18:32:22,578] INFO [Socket Server on Broker 0], Shutdown completed (kafka.network.SocketServer)
[2018-02-02 18:32:22,581] INFO [Kafka Request Handler on Broker 0], shutting down (kafka.server.KafkaRequestHandlerPool)
[2018-02-02 18:32:22,587] INFO [Kafka Request Handler on Broker 0], shut down completely (kafka.server.KafkaRequestHandlerPool)
[2018-02-02 18:32:22,593] INFO [ThrottledRequestReaper-Produce], Shutting down (kafka.server.ClientQuotaManager$ThrottledRequestReaper)
[2018-02-02 18:32:23,318] INFO [ThrottledRequestReaper-Produce], Stopped  (kafka.server.ClientQuotaManager$ThrottledRequestReaper)
[2018-02-02 18:32:23,318] INFO [ThrottledRequestReaper-Produce], Shutdown completed (kafka.server.ClientQuotaManager$ThrottledRequestReaper)
[2018-02-02 18:32:23,319] INFO [ThrottledRequestReaper-Fetch], Shutting down (kafka.server.ClientQuotaManager$ThrottledRequestReaper)
[2018-02-02 18:32:23,412] INFO [ThrottledRequestReaper-Fetch], Stopped  (kafka.server.ClientQuotaManager$ThrottledRequestReaper)
[2018-02-02 18:32:23,412] INFO [ThrottledRequestReaper-Fetch], Shutdown completed (kafka.server.ClientQuotaManager$ThrottledRequestReaper)
[2018-02-02 18:32:23,414] INFO [KafkaApi-0] Shutdown complete. (kafka.server.KafkaApis)
[2018-02-02 18:32:23,417] INFO [Replica Manager on Broker 0]: Shutting down (kafka.server.ReplicaManager)
[2018-02-02 18:32:23,418] INFO [ReplicaFetcherManager on broker 0] shutting down (kafka.server.ReplicaFetcherManager)
[2018-02-02 18:32:23,420] INFO [ReplicaFetcherManager on broker 0] shutdown completed (kafka.server.ReplicaFetcherManager)
[2018-02-02 18:32:23,420] INFO [ExpirationReaper-0], Shutting down (kafka.server.DelayedOperationPurgatory$ExpiredOperationReaper)
[2018-02-02 18:32:23,523] INFO [ExpirationReaper-0], Stopped  (kafka.server.DelayedOperationPurgatory$ExpiredOperationReaper)
[2018-02-02 18:32:23,523] INFO [ExpirationReaper-0], Shutdown completed (kafka.server.DelayedOperationPurgatory$ExpiredOperationReaper)
[2018-02-02 18:32:23,524] INFO [ExpirationReaper-0], Shutting down (kafka.server.DelayedOperationPurgatory$ExpiredOperationReaper)
[2018-02-02 18:32:23,698] INFO [ExpirationReaper-0], Stopped  (kafka.server.DelayedOperationPurgatory$ExpiredOperationReaper)
[2018-02-02 18:32:23,698] INFO [ExpirationReaper-0], Shutdown completed (kafka.server.DelayedOperationPurgatory$ExpiredOperationReaper)
[2018-02-02 18:32:23,706] INFO [Replica Manager on Broker 0]: Shut down completely (kafka.server.ReplicaManager)
[2018-02-02 18:32:23,708] INFO Shutting down. (kafka.log.LogManager)
[2018-02-02 18:32:23,727] INFO Shutdown complete. (kafka.log.LogManager)
[2018-02-02 18:32:23,728] INFO [GroupCoordinator 0]: Shutting down. (kafka.coordinator.GroupCoordinator)
[2018-02-02 18:32:23,729] INFO [ExpirationReaper-0], Shutting down (kafka.server.DelayedOperationPurgatory$ExpiredOperationReaper)
[2018-02-02 18:32:23,865] INFO [ExpirationReaper-0], Stopped  (kafka.server.DelayedOperationPurgatory$ExpiredOperationReaper)
[2018-02-02 18:32:23,865] INFO [ExpirationReaper-0], Shutdown completed (kafka.server.DelayedOperationPurgatory$ExpiredOperationReaper)
[2018-02-02 18:32:23,865] INFO [ExpirationReaper-0], Shutting down (kafka.server.DelayedOperationPurgatory$ExpiredOperationReaper)
[2018-02-02 18:32:24,062] INFO [ExpirationReaper-0], Stopped  (kafka.server.DelayedOperationPurgatory$ExpiredOperationReaper)
[2018-02-02 18:32:24,063] INFO [ExpirationReaper-0], Shutdown completed (kafka.server.DelayedOperationPurgatory$ExpiredOperationReaper)
[2018-02-02 18:32:24,065] INFO [GroupCoordinator 0]: Shutdown complete. (kafka.coordinator.GroupCoordinator)
[2018-02-02 18:32:24,089] INFO Terminate ZkClient event thread. (org.I0Itec.zkclient.ZkEventThread)
[2018-02-02 18:32:24,122] INFO [Kafka Server 0], shut down completed (kafka.server.KafkaServer)
